<?xml version="1.0" encoding="utf-8"?><testsuites name="pytest tests"><testsuite name="pytest" errors="0" failures="0" skipped="0" tests="14" time="9.269" timestamp="2026-09-19T07:56:55.923005+00:00" hostname="agent-env-f5441f57-74c6-4928-a78f-0d5ebd7a5437"><testcase classname="tests.test_iter5_walkin_share_pdf.TestWalkInService" name="test_create_walkin_service" time="3.568" /><testcase classname="tests.test_iter5_walkin_share_pdf.TestWalkInService" name="test_get_service_builds_client_from_walkin_fields" time="0.069" /><testcase classname="tests.test_iter5_walkin_share_pdf.TestWalkInService" name="test_patch_service_updates_walkin_name" time="0.158" /><testcase classname="tests.test_iter5_walkin_share_pdf.TestWalkInService" name="test_service_pdf_is_one_page_and_contains_updated_name" time="0.398" /><testcase classname="tests.test_iter5_walkin_share_pdf.TestReceiptPdfsSinglePage" name="test_cotizacion_pdf_one_page" time="0.378" /><testcase classname="tests.test_iter5_walkin_share_pdf.TestReceiptPdfsSinglePage" name="test_nota_pdf_one_page" time="0.358" /><testcase classname="tests.test_iter5_walkin_share_pdf.TestReceiptPdfsSinglePage" name="test_pago_pdf_one_page" time="0.480" /><testcase classname="tests.test_iter5_walkin_share_pdf.TestShareLinks" name="test_share_link_admin_and_public_pdf" time="0.671" /><testcase classname="tests.test_iter5_walkin_share_pdf.TestShareLinks" name="test_tampered_token_401" time="0.427" /><testcase classname="tests.test_iter5_walkin_share_pdf.TestShareLinks" name="test_missing_token_errors" time="0.729" /><testcase classname="tests.test_iter5_walkin_share_pdf.TestShareLinks" name="test_share_link_for_pago_and_nota" time="1.092" /><testcase classname="tests.test_iter5_walkin_share_pdf.TestShareLinks" name="test_viewer_can_read_share_link" time="0.645" /><testcase classname="tests.test_iter5_walkin_share_pdf.TestViewerRBAC" name="test_viewer_cannot_create_service" time="0.101" /><testcase classname="tests.test_iter5_walkin_share_pdf.TestViewerRBAC" name="test_viewer_cannot_read_finance_summary" time="0.068" /></testsuite></testsuites>