<?xml version="1.0" encoding="utf-8"?><testsuites name="pytest tests"><testsuite name="pytest" errors="0" failures="0" skipped="0" tests="24" time="7.394" timestamp="2026-09-19T07:37:13.783771+00:00" hostname="agent-env-f5441f57-74c6-4928-a78f-0d5ebd7a5437"><testcase classname="tests.test_security_hardening.TestViewerRBAC" name="test_viewer_can_read" time="0.713" /><testcase classname="tests.test_security_hardening.TestViewerRBAC" name="test_viewer_write_forbidden" time="0.490" /><testcase classname="tests.test_security_hardening.TestViewerRBAC" name="test_viewer_finance_forbidden" time="0.084" /><testcase classname="tests.test_security_hardening.TestViewerRBAC" name="test_viewer_settings_hides_bank" time="0.085" /><testcase classname="tests.test_security_hardening.TestViewerRBAC" name="test_viewer_team_forbidden" time="0.109" /><testcase classname="tests.test_security_hardening.TestViewerRBAC" name="test_viewer_patch_settings_forbidden" time="0.075" /><testcase classname="tests.test_security_hardening.TestAdminAccess" name="test_settings_has_bank" time="0.380" /><testcase classname="tests.test_security_hardening.TestAdminAccess" name="test_finance_summary_ok" time="0.112" /><testcase classname="tests.test_security_hardening.TestAdminAccess" name="test_team_list" time="0.092" /><testcase classname="tests.test_security_hardening.TestTeam" name="test_invite_created" time="0.084" /><testcase classname="tests.test_security_hardening.TestTeam" name="test_duplicate_invite_409" time="0.089" /><testcase classname="tests.test_security_hardening.TestTeam" name="test_patch_role_and_active" time="0.204" /><testcase classname="tests.test_security_hardening.TestTeam" name="test_cannot_demote_self" time="0.180" /><testcase classname="tests.test_security_hardening.TestTeam" name="test_cannot_deactivate_self" time="0.234" /><testcase classname="tests.test_security_hardening.TestTeam" name="test_cannot_delete_self" time="0.154" /><testcase classname="tests.test_security_hardening.TestTeam" name="test_delete_invited" time="0.251" /><testcase classname="tests.test_security_hardening.TestDeactivated" name="test_deactivated_flow" time="1.169" /><testcase classname="tests.test_security_hardening.TestFileTokens" name="test_view_token_and_download" time="0.757" /><testcase classname="tests.test_security_hardening.TestFileTokens" name="test_access_jwt_rejected_in_query" time="0.113" /><testcase classname="tests.test_security_hardening.TestFileTokens" name="test_bearer_header_works" time="0.578" /><testcase classname="tests.test_security_hardening.TestGoogleSession" name="test_bogus_session_id" time="0.300" /><testcase classname="tests.test_security_hardening.TestGoogleSession" name="test_missing_session_id" time="0.074" /><testcase classname="tests.test_security_hardening.TestBruteForce" name="test_brute_force_locks" time="0.903" /><testcase classname="tests.test_security_hardening" name="test_cors_no_wildcard" time="0.075" /></testsuite></testsuites>