<?xml version="1.0" encoding="utf-8"?><testsuites name="pytest tests"><testsuite name="pytest" errors="0" failures="0" skipped="0" tests="20" time="10.426" timestamp="2026-09-19T07:18:10.175510+00:00" hostname="agent-env-f5441f57-74c6-4928-a78f-0d5ebd7a5437"><testcase classname="tests.backend_test" name="test_health" time="0.138" /><testcase classname="tests.backend_test" name="test_me" time="0.407" /><testcase classname="tests.backend_test" name="test_client_get_after_create" time="0.185" /><testcase classname="tests.backend_test" name="test_vehicle_requires_valid_client" time="0.087" /><testcase classname="tests.backend_test" name="test_vehicle_list_enriched_with_client_name" time="0.175" /><testcase classname="tests.backend_test" name="test_tech_update" time="0.167" /><testcase classname="tests.backend_test" name="test_company_crud" time="0.273" /><testcase classname="tests.backend_test" name="test_service_get_enriched" time="0.182" /><testcase classname="tests.backend_test" name="test_service_patch_recalcs" time="0.181" /><testcase classname="tests.backend_test" name="test_payment_recalcs_service" time="0.348" /><testcase classname="tests.backend_test" name="test_quote_create_and_get" time="0.257" /><testcase classname="tests.backend_test" name="test_settings_singleton" time="0.142" /><testcase classname="tests.backend_test" name="test_dashboard_summary" time="0.095" /><testcase classname="tests.backend_test" name="test_finance_summary" time="0.080" /><testcase classname="tests.backend_test" name="test_notes_crud_and_folio" time="2.228" /><testcase classname="tests.backend_test" name="test_relaxed_validation" time="0.654" /><testcase classname="tests.backend_test" name="test_settings_bank_and_survey" time="0.152" /><testcase classname="tests.backend_test" name="test_qr_endpoint" time="0.079" /><testcase classname="tests.backend_test" name="test_service_payment_receipt_pdfs_and_email" time="3.255" /><testcase classname="tests.backend_test" name="test_service_email_400_without_client_email" time="0.730" /></testsuite></testsuites>