<?xml version="1.0" encoding="utf-8"?><testsuites name="pytest tests"><testsuite name="pytest" errors="0" failures="0" skipped="0" tests="14" time="3.633" timestamp="2026-09-19T05:02:32.326477+00:00" hostname="agent-env-f5441f57-74c6-4928-a78f-0d5ebd7a5437"><testcase classname="tests.backend_test" name="test_health" time="0.267" /><testcase classname="tests.backend_test" name="test_me" time="0.496" /><testcase classname="tests.backend_test" name="test_client_get_after_create" time="0.147" /><testcase classname="tests.backend_test" name="test_vehicle_requires_valid_client" time="0.070" /><testcase classname="tests.backend_test" name="test_vehicle_list_enriched_with_client_name" time="0.150" /><testcase classname="tests.backend_test" name="test_tech_update" time="0.142" /><testcase classname="tests.backend_test" name="test_company_crud" time="0.250" /><testcase classname="tests.backend_test" name="test_service_get_enriched" time="0.160" /><testcase classname="tests.backend_test" name="test_service_patch_recalcs" time="0.160" /><testcase classname="tests.backend_test" name="test_payment_recalcs_service" time="0.355" /><testcase classname="tests.backend_test" name="test_quote_create_and_get" time="0.237" /><testcase classname="tests.backend_test" name="test_settings_singleton" time="0.144" /><testcase classname="tests.backend_test" name="test_dashboard_summary" time="0.083" /><testcase classname="tests.backend_test" name="test_finance_summary" time="0.442" /></testsuite></testsuites>